<?xml version="1.0" encoding="UTF-8"?>
<!-- Generated by org.testng.reporters.JUnitXMLReporter -->
<testsuite hostname="DESKTOP-VA3KVAG" ignored="0" name="Test" tests="2" failures="1" timestamp="2021-09-28T10:30:15 CDT" time="27.999" errors="0">
  <testcase name="validateLogin" time="15.723" classname="Login.LoginTest"/>
  <testcase name="validateHome" time="0.004" classname="Home.HomeTest">
    <failure type="java.lang.NullPointerException">
      <![CDATA[java.lang.NullPointerException
at Page.HomePage.usermenu(HomePage.java:29)
at Home.HomeTest.validateHome(HomeTest.java:39)
at java.util.ArrayList.forEach(ArrayList.java:1259)
... Removed 27 stack frames]]>
    </failure>
  </testcase> <!-- validateHome -->
</testsuite> <!-- Test -->
