<?xml version="1.0" encoding="UTF-8"?>
<testng-results skipped="0" failed="0" ignored="0" total="1" passed="1">
  <reporter-output>
  </reporter-output>
  <suite name="Default suite" duration-ms="81108" started-at="2021-10-11T10:59:19 CDT" finished-at="2021-10-11T11:00:40 CDT">
    <groups>
    </groups>
    <test name="Default test" duration-ms="81108" started-at="2021-10-11T10:59:19 CDT" finished-at="2021-10-11T11:00:40 CDT">
      <class name="Test.AccountTabTestTC14">
        <test-method status="PASS" signature="beforeTest()[pri:0, instance:Test.AccountTabTestTC14@c46bcd4]" name="beforeTest" is-config="true" duration-ms="14897" started-at="2021-10-11T10:59:19 CDT" finished-at="2021-10-11T10:59:34 CDT">
          <reporter-output>
          </reporter-output>
        </test-method> <!-- beforeTest -->
        <test-method status="PASS" signature="validateAccounttabTC14()[pri:0, instance:Test.AccountTabTestTC14@c46bcd4]" name="validateAccounttabTC14" duration-ms="66051" started-at="2021-10-11T10:59:34 CDT" finished-at="2021-10-11T11:00:40 CDT">
          <reporter-output>
          </reporter-output>
        </test-method> <!-- validateAccounttabTC14 -->
      </class> <!-- Test.AccountTabTestTC14 -->
    </test> <!-- Default test -->
  </suite> <!-- Default suite -->
</testng-results>
